<?xml version="1.0" encoding="UTF-8"?>
<!-- Generated by org.testng.reporters.JUnitReportReporter -->
<testsuite hostname="EC2AMAZ-S11DBRH" failures="0" tests="3" name="testScripts.SampleTestThree" time="0.014" errors="0" timestamp="2023-07-18T07:05:43 GMT" skipped="0">
  <testcase classname="testScripts.SampleTestThree" name="testOne" time="0.002"/>
  <system-out/>
  <testcase classname="testScripts.SampleTestThree" name="testFour" time="0.010"/>
  <system-out/>
  <testcase classname="testScripts.SampleTestThree" name="testThree" time="0.002"/>
  <system-out/>
</testsuite> <!-- testScripts.SampleTestThree -->
