<?xml version="1.0" encoding="UTF-8"?>
<!-- Generated by org.testng.reporters.JUnitReportReporter -->
<testsuite hostname="EC2AMAZ-S11DBRH" failures="0" tests="9" name="parallelScripts.SampleOneTest" time="0.061" errors="0" timestamp="2023-07-18T07:55:49 GMT" skipped="0">
  <testcase classname="parallelScripts.SampleOneTest" name="testFour" time="0.016"/>
  <system-out/>
  <testcase classname="parallelScripts.SampleOneTest" name="testFour" time="0.003"/>
  <system-out/>
  <testcase classname="parallelScripts.SampleOneTest" name="testFour" time="0.017"/>
  <system-out/>
  <testcase classname="parallelScripts.SampleOneTest" name="testTwo" time="0.001"/>
  <system-out/>
  <testcase classname="parallelScripts.SampleOneTest" name="testFour" time="0.002"/>
  <system-out/>
  <testcase classname="parallelScripts.SampleOneTest" name="testFour" time="0.016"/>
  <system-out/>
  <testcase classname="parallelScripts.SampleOneTest" name="testFour" time="0.004"/>
  <system-out/>
  <testcase classname="parallelScripts.SampleOneTest" name="testOne" time="0.001"/>
  <system-out/>
  <testcase classname="parallelScripts.SampleOneTest" name="testThree" time="0.001"/>
  <system-out/>
</testsuite> <!-- parallelScripts.SampleOneTest -->
