<?xml version="1.0" encoding="UTF-8"?>
<!-- Generated by org.testng.reporters.JUnitReportReporter -->
<testsuite hostname="EC2AMAZ-S11DBRH" failures="0" tests="1" name="testScripts.SampleTestTwo" time="7.228" errors="0" timestamp="2023-07-18T05:38:55 GMT" skipped="0">
  <testcase classname="testScripts.SampleTestTwo" name="cypressTutorial" time="7.228"/>
  <system-out/>
</testsuite> <!-- testScripts.SampleTestTwo -->
