<?xml version="1.0" encoding="UTF-8"?>
<!-- Generated by org.testng.reporters.JUnitReportReporter -->
<testsuite hostname="EC2AMAZ-S11DBRH" failures="0" tests="3" name="testScripts.GooglePageTest" time="15.066" errors="0" timestamp="2023-07-18T05:53:12 GMT" skipped="0">
  <testcase classname="testScripts.GooglePageTest" name="javaSearchTest" time="4.406"/>
  <system-out/>
  <testcase classname="testScripts.GooglePageTest" name="seleniumSearchTest" time="8.949"/>
  <system-out/>
  <testcase classname="testScripts.GooglePageTest" name="appiumSearchTest" time="1.711"/>
  <system-out/>
</testsuite> <!-- testScripts.GooglePageTest -->
